<?xml version="1.0" encoding="UTF-8"?>
<testsuite xmlns:xsi="http://www.w3.org/2001/XMLSchema-instance" xsi:noNamespaceSchemaLocation="https://maven.apache.org/surefire/maven-surefire-plugin/xsd/surefire-test-report.xsd" name="cs.vsu.ru.documents_generator.DocumentsGeneratorApplicationTests" time="5.919" tests="1" errors="0" skipped="0" failures="0">
  <properties>
[...]
</properties>
  <testcase name="contextLoads" classname="cs.vsu.ru.documents_generator.DocumentsGeneratorApplicationTests" time="0.107"/>
</testsuite>